<?xml version="1.0" encoding="UTF-8"?>
<testng-results skipped="1" failed="1" total="12" passed="10">
  <reporter-output>
  </reporter-output>
  <suite name=" Automation Suite" duration-ms="110" started-at="2019-10-19T07:08:31Z" finished-at="2019-10-19T07:08:31Z">
    <groups>
    </groups>
    <test name=" Chat Test" duration-ms="47" started-at="2019-10-19T07:08:31Z" finished-at="2019-10-19T07:08:31Z">
      <class name="BasicTestNGAnnotations.GroupChat">
        <test-method status="PASS" signature="beforeChatModule()[pri:0, instance:BasicTestNGAnnotations.GroupChat@c39f790]" name="beforeChatModule" is-config="true" duration-ms="0" started-at="2019-10-19T12:38:31Z" finished-at="2019-10-19T12:38:31Z">
          <reporter-output>
          </reporter-output>
        </test-method> <!-- beforeChatModule -->
        <test-method status="FAIL" signature="test2()[pri:0, instance:BasicTestNGAnnotations.GroupChat@c39f790]" name="test2" duration-ms="0" started-at="2019-10-19T12:38:31Z" finished-at="2019-10-19T12:38:31Z">
          <exception class="java.lang.ArithmeticException">
            <message>
              <![CDATA[/ by zero]]>
            </message>
            <full-stacktrace>
              <![CDATA[java.lang.ArithmeticException: / by zero
	at BasicTestNGAnnotations.GroupChat.test2(GroupChat.java:62)
	at sun.reflect.NativeMethodAccessorImpl.invoke0(Native Method)
	at sun.reflect.NativeMethodAccessorImpl.invoke(Unknown Source)
	at sun.reflect.DelegatingMethodAccessorImpl.invoke(Unknown Source)
	at java.lang.reflect.Method.invoke(Unknown Source)
	at org.testng.internal.MethodInvocationHelper.invokeMethod(MethodInvocationHelper.java:86)
	at org.testng.internal.Invoker.invokeMethod(Invoker.java:645)
	at org.testng.internal.Invoker.invokeTestMethod(Invoker.java:822)
	at org.testng.internal.Invoker.invokeTestMethods(Invoker.java:1130)
	at org.testng.internal.TestMethodWorker.invokeTestMethods(TestMethodWorker.java:129)
	at org.testng.internal.TestMethodWorker.run(TestMethodWorker.java:112)
	at org.testng.TestRunner.privateRun(TestRunner.java:782)
	at org.testng.TestRunner.run(TestRunner.java:632)
	at org.testng.SuiteRunner.runTest(SuiteRunner.java:366)
	at org.testng.SuiteRunner.runSequentially(SuiteRunner.java:361)
	at org.testng.SuiteRunner.privateRun(SuiteRunner.java:319)
	at org.testng.SuiteRunner.run(SuiteRunner.java:268)
	at org.testng.SuiteRunnerWorker.runSuite(SuiteRunnerWorker.java:52)
	at org.testng.SuiteRunnerWorker.run(SuiteRunnerWorker.java:86)
	at org.testng.TestNG.runSuitesSequentially(TestNG.java:1244)
	at org.testng.TestNG.runSuitesLocally(TestNG.java:1169)
	at org.testng.TestNG.run(TestNG.java:1064)
	at org.testng.remote.RemoteTestNG.run(RemoteTestNG.java:113)
	at org.testng.remote.RemoteTestNG.initAndRun(RemoteTestNG.java:206)
	at org.testng.remote.RemoteTestNG.main(RemoteTestNG.java:177)
]]>
            </full-stacktrace>
          </exception> <!-- java.lang.ArithmeticException -->
          <reporter-output>
          </reporter-output>
        </test-method> <!-- test2 -->
        <test-method status="PASS" signature="preConditionForTestcase()[pri:0, instance:BasicTestNGAnnotations.GroupChat@c39f790]" name="preConditionForTestcase" is-config="true" duration-ms="0" started-at="2019-10-19T12:38:31Z" finished-at="2019-10-19T12:38:31Z">
          <reporter-output>
          </reporter-output>
        </test-method> <!-- preConditionForTestcase -->
        <test-method status="PASS" signature="postConditionForTestcase()[pri:0, instance:BasicTestNGAnnotations.GroupChat@c39f790]" name="postConditionForTestcase" is-config="true" duration-ms="0" started-at="2019-10-19T12:38:31Z" finished-at="2019-10-19T12:38:31Z">
          <reporter-output>
          </reporter-output>
        </test-method> <!-- postConditionForTestcase -->
        <test-method status="PASS" signature="postConditionForTestcase()[pri:0, instance:BasicTestNGAnnotations.GroupChat@c39f790]" name="postConditionForTestcase" is-config="true" duration-ms="15" started-at="2019-10-19T12:38:31Z" finished-at="2019-10-19T12:38:31Z">
          <reporter-output>
          </reporter-output>
        </test-method> <!-- postConditionForTestcase -->
        <test-method status="PASS" signature="preConditionForTestcase()[pri:0, instance:BasicTestNGAnnotations.GroupChat@c39f790]" name="preConditionForTestcase" is-config="true" duration-ms="0" started-at="2019-10-19T12:38:31Z" finished-at="2019-10-19T12:38:31Z">
          <reporter-output>
          </reporter-output>
        </test-method> <!-- preConditionForTestcase -->
        <test-method status="PASS" signature="beforeClass()[pri:0, instance:BasicTestNGAnnotations.GroupChat@c39f790]" name="beforeClass" is-config="true" duration-ms="0" started-at="2019-10-19T12:38:31Z" finished-at="2019-10-19T12:38:31Z">
          <reporter-output>
          </reporter-output>
        </test-method> <!-- beforeClass -->
        <test-method status="SKIP" signature="test1()[pri:0, instance:BasicTestNGAnnotations.GroupChat@c39f790]" name="test1" duration-ms="0" started-at="2019-10-19T12:38:31Z" finished-at="2019-10-19T12:38:31Z">
          <exception class="org.testng.SkipException">
            <message>
              <![CDATA[Group Chat Test Case 1 exception]]>
            </message>
            <full-stacktrace>
              <![CDATA[org.testng.SkipException: Group Chat Test Case 1 exception
	at BasicTestNGAnnotations.GroupChat.test1(GroupChat.java:57)
	at sun.reflect.NativeMethodAccessorImpl.invoke0(Native Method)
	at sun.reflect.NativeMethodAccessorImpl.invoke(Unknown Source)
	at sun.reflect.DelegatingMethodAccessorImpl.invoke(Unknown Source)
	at java.lang.reflect.Method.invoke(Unknown Source)
	at org.testng.internal.MethodInvocationHelper.invokeMethod(MethodInvocationHelper.java:86)
	at org.testng.internal.Invoker.invokeMethod(Invoker.java:645)
	at org.testng.internal.Invoker.invokeTestMethod(Invoker.java:822)
	at org.testng.internal.Invoker.invokeTestMethods(Invoker.java:1130)
	at org.testng.internal.TestMethodWorker.invokeTestMethods(TestMethodWorker.java:129)
	at org.testng.internal.TestMethodWorker.run(TestMethodWorker.java:112)
	at org.testng.TestRunner.privateRun(TestRunner.java:782)
	at org.testng.TestRunner.run(TestRunner.java:632)
	at org.testng.SuiteRunner.runTest(SuiteRunner.java:366)
	at org.testng.SuiteRunner.runSequentially(SuiteRunner.java:361)
	at org.testng.SuiteRunner.privateRun(SuiteRunner.java:319)
	at org.testng.SuiteRunner.run(SuiteRunner.java:268)
	at org.testng.SuiteRunnerWorker.runSuite(SuiteRunnerWorker.java:52)
	at org.testng.SuiteRunnerWorker.run(SuiteRunnerWorker.java:86)
	at org.testng.TestNG.runSuitesSequentially(TestNG.java:1244)
	at org.testng.TestNG.runSuitesLocally(TestNG.java:1169)
	at org.testng.TestNG.run(TestNG.java:1064)
	at org.testng.remote.RemoteTestNG.run(RemoteTestNG.java:113)
	at org.testng.remote.RemoteTestNG.initAndRun(RemoteTestNG.java:206)
	at org.testng.remote.RemoteTestNG.main(RemoteTestNG.java:177)
]]>
            </full-stacktrace>
          </exception> <!-- org.testng.SkipException -->
          <reporter-output>
          </reporter-output>
        </test-method> <!-- test1 -->
        <test-method status="PASS" signature="test3()[pri:0, instance:BasicTestNGAnnotations.GroupChat@c39f790]" name="test3" duration-ms="0" started-at="2019-10-19T12:38:31Z" finished-at="2019-10-19T12:38:31Z">
          <reporter-output>
          </reporter-output>
        </test-method> <!-- test3 -->
        <test-method status="PASS" signature="postConditionForTestcase()[pri:0, instance:BasicTestNGAnnotations.GroupChat@c39f790]" name="postConditionForTestcase" is-config="true" duration-ms="0" started-at="2019-10-19T12:38:31Z" finished-at="2019-10-19T12:38:31Z">
          <reporter-output>
          </reporter-output>
        </test-method> <!-- postConditionForTestcase -->
        <test-method status="PASS" signature="afterChatModule()[pri:0, instance:BasicTestNGAnnotations.GroupChat@c39f790]" name="afterChatModule" is-config="true" duration-ms="0" started-at="2019-10-19T12:38:31Z" finished-at="2019-10-19T12:38:31Z">
          <reporter-output>
          </reporter-output>
        </test-method> <!-- afterChatModule -->
        <test-method status="PASS" signature="afterClass()[pri:0, instance:BasicTestNGAnnotations.GroupChat@c39f790]" name="afterClass" is-config="true" duration-ms="0" started-at="2019-10-19T12:38:31Z" finished-at="2019-10-19T12:38:31Z">
          <reporter-output>
          </reporter-output>
        </test-method> <!-- afterClass -->
        <test-method status="PASS" signature="preConditionForTestcase()[pri:0, instance:BasicTestNGAnnotations.GroupChat@c39f790]" name="preConditionForTestcase" is-config="true" duration-ms="0" started-at="2019-10-19T12:38:31Z" finished-at="2019-10-19T12:38:31Z">
          <reporter-output>
          </reporter-output>
        </test-method> <!-- preConditionForTestcase -->
      </class> <!-- BasicTestNGAnnotations.GroupChat -->
      <class name="BasicTestNGAnnotations.PersonalChat">
        <test-method status="PASS" signature="beforeClass()[pri:0, instance:BasicTestNGAnnotations.PersonalChat@71e7a66b]" name="beforeClass" is-config="true" duration-ms="0" started-at="2019-10-19T12:38:31Z" finished-at="2019-10-19T12:38:31Z">
          <reporter-output>
          </reporter-output>
        </test-method> <!-- beforeClass -->
        <test-method status="PASS" signature="test1()[pri:0, instance:BasicTestNGAnnotations.PersonalChat@71e7a66b]" name="test1" duration-ms="0" started-at="2019-10-19T12:38:31Z" finished-at="2019-10-19T12:38:31Z">
          <reporter-output>
          </reporter-output>
        </test-method> <!-- test1 -->
        <test-method status="PASS" signature="preConditionForTestcase()[pri:0, instance:BasicTestNGAnnotations.PersonalChat@71e7a66b]" name="preConditionForTestcase" is-config="true" duration-ms="0" started-at="2019-10-19T12:38:31Z" finished-at="2019-10-19T12:38:31Z">
          <reporter-output>
          </reporter-output>
        </test-method> <!-- preConditionForTestcase -->
        <test-method status="PASS" signature="test3()[pri:0, instance:BasicTestNGAnnotations.PersonalChat@71e7a66b]" name="test3" duration-ms="0" started-at="2019-10-19T12:38:31Z" finished-at="2019-10-19T12:38:31Z">
          <reporter-output>
          </reporter-output>
        </test-method> <!-- test3 -->
        <test-method status="PASS" signature="test2()[pri:0, instance:BasicTestNGAnnotations.PersonalChat@71e7a66b]" name="test2" duration-ms="0" started-at="2019-10-19T12:38:31Z" finished-at="2019-10-19T12:38:31Z">
          <reporter-output>
          </reporter-output>
        </test-method> <!-- test2 -->
        <test-method status="PASS" signature="postConditionForTestcase()[pri:0, instance:BasicTestNGAnnotations.PersonalChat@71e7a66b]" name="postConditionForTestcase" is-config="true" duration-ms="0" started-at="2019-10-19T12:38:31Z" finished-at="2019-10-19T12:38:31Z">
          <reporter-output>
          </reporter-output>
        </test-method> <!-- postConditionForTestcase -->
        <test-method status="PASS" signature="postConditionForTestcase()[pri:0, instance:BasicTestNGAnnotations.PersonalChat@71e7a66b]" name="postConditionForTestcase" is-config="true" duration-ms="0" started-at="2019-10-19T12:38:31Z" finished-at="2019-10-19T12:38:31Z">
          <reporter-output>
          </reporter-output>
        </test-method> <!-- postConditionForTestcase -->
        <test-method status="PASS" signature="preConditionForTestcase()[pri:0, instance:BasicTestNGAnnotations.PersonalChat@71e7a66b]" name="preConditionForTestcase" is-config="true" duration-ms="0" started-at="2019-10-19T12:38:31Z" finished-at="2019-10-19T12:38:31Z">
          <reporter-output>
          </reporter-output>
        </test-method> <!-- preConditionForTestcase -->
        <test-method status="PASS" signature="afterClass()[pri:0, instance:BasicTestNGAnnotations.PersonalChat@71e7a66b]" name="afterClass" is-config="true" duration-ms="0" started-at="2019-10-19T12:38:31Z" finished-at="2019-10-19T12:38:31Z">
          <reporter-output>
          </reporter-output>
        </test-method> <!-- afterClass -->
        <test-method status="PASS" signature="postConditionForTestcase()[pri:0, instance:BasicTestNGAnnotations.PersonalChat@71e7a66b]" name="postConditionForTestcase" is-config="true" duration-ms="0" started-at="2019-10-19T12:38:31Z" finished-at="2019-10-19T12:38:31Z">
          <reporter-output>
          </reporter-output>
        </test-method> <!-- postConditionForTestcase -->
        <test-method status="PASS" signature="preConditionForTestcase()[pri:0, instance:BasicTestNGAnnotations.PersonalChat@71e7a66b]" name="preConditionForTestcase" is-config="true" duration-ms="0" started-at="2019-10-19T12:38:31Z" finished-at="2019-10-19T12:38:31Z">
          <reporter-output>
          </reporter-output>
        </test-method> <!-- preConditionForTestcase -->
      </class> <!-- BasicTestNGAnnotations.PersonalChat -->
    </test> <!--  Chat Test -->
    <test name=" Status Test" duration-ms="32" started-at="2019-10-19T07:08:31Z" finished-at="2019-10-19T07:08:31Z">
      <class name="BasicTestNGAnnotations.ImageStatus">
        <test-method status="PASS" signature="beforeStatustModule()[pri:0, instance:BasicTestNGAnnotations.ImageStatus@7006c658]" name="beforeStatustModule" is-config="true" duration-ms="0" started-at="2019-10-19T12:38:31Z" finished-at="2019-10-19T12:38:31Z">
          <reporter-output>
          </reporter-output>
        </test-method> <!-- beforeStatustModule -->
        <test-method status="PASS" signature="test3()[pri:0, instance:BasicTestNGAnnotations.ImageStatus@7006c658]" name="test3" duration-ms="16" started-at="2019-10-19T12:38:31Z" finished-at="2019-10-19T12:38:31Z">
          <reporter-output>
          </reporter-output>
        </test-method> <!-- test3 -->
        <test-method status="PASS" signature="postConditionForTestcase()[pri:0, instance:BasicTestNGAnnotations.ImageStatus@7006c658]" name="postConditionForTestcase" is-config="true" duration-ms="0" started-at="2019-10-19T12:38:31Z" finished-at="2019-10-19T12:38:31Z">
          <reporter-output>
          </reporter-output>
        </test-method> <!-- postConditionForTestcase -->
        <test-method status="PASS" signature="postConditionForTestcase()[pri:0, instance:BasicTestNGAnnotations.ImageStatus@7006c658]" name="postConditionForTestcase" is-config="true" duration-ms="0" started-at="2019-10-19T12:38:31Z" finished-at="2019-10-19T12:38:31Z">
          <reporter-output>
          </reporter-output>
        </test-method> <!-- postConditionForTestcase -->
        <test-method status="PASS" signature="preConditionForTestcase()[pri:0, instance:BasicTestNGAnnotations.ImageStatus@7006c658]" name="preConditionForTestcase" is-config="true" duration-ms="0" started-at="2019-10-19T12:38:31Z" finished-at="2019-10-19T12:38:31Z">
          <reporter-output>
          </reporter-output>
        </test-method> <!-- preConditionForTestcase -->
        <test-method status="PASS" signature="preConditionForTestcase()[pri:0, instance:BasicTestNGAnnotations.ImageStatus@7006c658]" name="preConditionForTestcase" is-config="true" duration-ms="0" started-at="2019-10-19T12:38:31Z" finished-at="2019-10-19T12:38:31Z">
          <reporter-output>
          </reporter-output>
        </test-method> <!-- preConditionForTestcase -->
        <test-method status="PASS" signature="test2()[pri:0, instance:BasicTestNGAnnotations.ImageStatus@7006c658]" name="test2" duration-ms="0" started-at="2019-10-19T12:38:31Z" finished-at="2019-10-19T12:38:31Z">
          <reporter-output>
          </reporter-output>
        </test-method> <!-- test2 -->
        <test-method status="PASS" signature="beforeClass()[pri:0, instance:BasicTestNGAnnotations.ImageStatus@7006c658]" name="beforeClass" is-config="true" duration-ms="0" started-at="2019-10-19T12:38:31Z" finished-at="2019-10-19T12:38:31Z">
          <reporter-output>
          </reporter-output>
        </test-method> <!-- beforeClass -->
        <test-method status="PASS" signature="preConditionForTestcase()[pri:0, instance:BasicTestNGAnnotations.ImageStatus@7006c658]" name="preConditionForTestcase" is-config="true" duration-ms="0" started-at="2019-10-19T12:38:31Z" finished-at="2019-10-19T12:38:31Z">
          <reporter-output>
          </reporter-output>
        </test-method> <!-- preConditionForTestcase -->
        <test-method status="PASS" signature="test1()[pri:0, instance:BasicTestNGAnnotations.ImageStatus@7006c658]" name="test1" duration-ms="0" started-at="2019-10-19T12:38:31Z" finished-at="2019-10-19T12:38:31Z">
          <reporter-output>
          </reporter-output>
        </test-method> <!-- test1 -->
        <test-method status="PASS" signature="afterClass()[pri:0, instance:BasicTestNGAnnotations.ImageStatus@7006c658]" name="afterClass" is-config="true" duration-ms="0" started-at="2019-10-19T12:38:31Z" finished-at="2019-10-19T12:38:31Z">
          <reporter-output>
          </reporter-output>
        </test-method> <!-- afterClass -->
        <test-method status="PASS" signature="afterStatusModule()[pri:0, instance:BasicTestNGAnnotations.ImageStatus@7006c658]" name="afterStatusModule" is-config="true" duration-ms="0" started-at="2019-10-19T12:38:31Z" finished-at="2019-10-19T12:38:31Z">
          <reporter-output>
          </reporter-output>
        </test-method> <!-- afterStatusModule -->
        <test-method status="PASS" signature="postConditionForTestcase()[pri:0, instance:BasicTestNGAnnotations.ImageStatus@7006c658]" name="postConditionForTestcase" is-config="true" duration-ms="0" started-at="2019-10-19T12:38:31Z" finished-at="2019-10-19T12:38:31Z">
          <reporter-output>
          </reporter-output>
        </test-method> <!-- postConditionForTestcase -->
      </class> <!-- BasicTestNGAnnotations.ImageStatus -->
      <class name="BasicTestNGAnnotations.VideoStatus">
        <test-method status="PASS" signature="preConditionForTestcase()[pri:0, instance:BasicTestNGAnnotations.VideoStatus@34033bd0]" name="preConditionForTestcase" is-config="true" duration-ms="0" started-at="2019-10-19T12:38:31Z" finished-at="2019-10-19T12:38:31Z">
          <reporter-output>
          </reporter-output>
        </test-method> <!-- preConditionForTestcase -->
        <test-method status="PASS" signature="beforeClass()[pri:0, instance:BasicTestNGAnnotations.VideoStatus@34033bd0]" name="beforeClass" is-config="true" duration-ms="0" started-at="2019-10-19T12:38:31Z" finished-at="2019-10-19T12:38:31Z">
          <reporter-output>
          </reporter-output>
        </test-method> <!-- beforeClass -->
        <test-method status="PASS" signature="test1()[pri:0, instance:BasicTestNGAnnotations.VideoStatus@34033bd0]" name="test1" duration-ms="16" started-at="2019-10-19T12:38:31Z" finished-at="2019-10-19T12:38:31Z">
          <reporter-output>
          </reporter-output>
        </test-method> <!-- test1 -->
        <test-method status="PASS" signature="test2()[pri:0, instance:BasicTestNGAnnotations.VideoStatus@34033bd0]" name="test2" duration-ms="0" started-at="2019-10-19T12:38:31Z" finished-at="2019-10-19T12:38:31Z">
          <reporter-output>
          </reporter-output>
        </test-method> <!-- test2 -->
        <test-method status="PASS" signature="afterClass()[pri:0, instance:BasicTestNGAnnotations.VideoStatus@34033bd0]" name="afterClass" is-config="true" duration-ms="0" started-at="2019-10-19T12:38:31Z" finished-at="2019-10-19T12:38:31Z">
          <reporter-output>
          </reporter-output>
        </test-method> <!-- afterClass -->
        <test-method status="PASS" signature="preConditionForTestcase()[pri:0, instance:BasicTestNGAnnotations.VideoStatus@34033bd0]" name="preConditionForTestcase" is-config="true" duration-ms="0" started-at="2019-10-19T12:38:31Z" finished-at="2019-10-19T12:38:31Z">
          <reporter-output>
          </reporter-output>
        </test-method> <!-- preConditionForTestcase -->
        <test-method status="PASS" signature="postConditionForTestcase()[pri:0, instance:BasicTestNGAnnotations.VideoStatus@34033bd0]" name="postConditionForTestcase" is-config="true" duration-ms="0" started-at="2019-10-19T12:38:31Z" finished-at="2019-10-19T12:38:31Z">
          <reporter-output>
          </reporter-output>
        </test-method> <!-- postConditionForTestcase -->
        <test-method status="PASS" signature="preConditionForTestcase()[pri:0, instance:BasicTestNGAnnotations.VideoStatus@34033bd0]" name="preConditionForTestcase" is-config="true" duration-ms="0" started-at="2019-10-19T12:38:31Z" finished-at="2019-10-19T12:38:31Z">
          <reporter-output>
          </reporter-output>
        </test-method> <!-- preConditionForTestcase -->
        <test-method status="PASS" signature="postConditionForTestcase()[pri:0, instance:BasicTestNGAnnotations.VideoStatus@34033bd0]" name="postConditionForTestcase" is-config="true" duration-ms="0" started-at="2019-10-19T12:38:31Z" finished-at="2019-10-19T12:38:31Z">
          <reporter-output>
          </reporter-output>
        </test-method> <!-- postConditionForTestcase -->
        <test-method status="PASS" signature="test3()[pri:0, instance:BasicTestNGAnnotations.VideoStatus@34033bd0]" name="test3" duration-ms="0" started-at="2019-10-19T12:38:31Z" finished-at="2019-10-19T12:38:31Z">
          <reporter-output>
          </reporter-output>
        </test-method> <!-- test3 -->
        <test-method status="PASS" signature="postConditionForTestcase()[pri:0, instance:BasicTestNGAnnotations.VideoStatus@34033bd0]" name="postConditionForTestcase" is-config="true" duration-ms="0" started-at="2019-10-19T12:38:31Z" finished-at="2019-10-19T12:38:31Z">
          <reporter-output>
          </reporter-output>
        </test-method> <!-- postConditionForTestcase -->
      </class> <!-- BasicTestNGAnnotations.VideoStatus -->
    </test> <!--  Status Test -->
    <test name=" Pre Suite" duration-ms="0" started-at="2019-10-19T07:08:31Z" finished-at="2019-10-19T07:08:31Z">
      <class name="BasicTestNGAnnotations.BaseClass">
        <test-method status="PASS" signature="beforeSuite()[pri:0, instance:BasicTestNGAnnotations.BaseClass@7907ec20]" name="beforeSuite" is-config="true" duration-ms="15" started-at="2019-10-19T12:38:31Z" finished-at="2019-10-19T12:38:31Z">
          <reporter-output>
          </reporter-output>
        </test-method> <!-- beforeSuite -->
        <test-method status="PASS" signature="afterSuite()[pri:0, instance:BasicTestNGAnnotations.BaseClass@7907ec20]" name="afterSuite" is-config="true" duration-ms="0" started-at="2019-10-19T12:38:31Z" finished-at="2019-10-19T12:38:31Z">
          <reporter-output>
          </reporter-output>
        </test-method> <!-- afterSuite -->
      </class> <!-- BasicTestNGAnnotations.BaseClass -->
    </test> <!--  Pre Suite -->
  </suite> <!--  Automation Suite -->
</testng-results>
