<?xml version="1.0" encoding="UTF-8"?>
<!-- Generated by org.testng.reporters.JUnitXMLReporter -->
<testsuite hostname="hp-PC" name=" Status Test" tests="6" failures="0" timestamp="19 Oct 2019 07:08:31 GMT" time="0.032" errors="0">
  <testcase name="test1" time="0.016" classname="BasicTestNGAnnotations.VideoStatus"/>
  <testcase name="test2" time="0.0" classname="BasicTestNGAnnotations.VideoStatus"/>
  <testcase name="test3" time="0.0" classname="BasicTestNGAnnotations.VideoStatus"/>
  <testcase name="test1" time="0.0" classname="BasicTestNGAnnotations.ImageStatus"/>
  <testcase name="test2" time="0.0" classname="BasicTestNGAnnotations.ImageStatus"/>
  <testcase name="test3" time="0.016" classname="BasicTestNGAnnotations.ImageStatus"/>
</testsuite> <!--  Status Test -->
